2021-06-03 17:20:39 INFO  Commonly Using Methods:50 - Launching The Browser
2021-06-03 17:20:41 INFO  Commonly Using Methods:52 - Maximizing The Window
2021-06-03 17:20:42 INFO  Commonly Using Methods:55 - Navigating To The URL
2021-06-03 17:20:44 INFO  Commonly Using Methods:68 - Giving The Login Credentials
2021-06-03 17:20:46 INFO  Commonly Using Methods:73 - logging In
2021-06-03 17:20:47 INFO  Commonly Using Methods:85 - Minimizing The Fly Out Window
2021-06-03 17:20:48 INFO  Commonly Using Methods:98 - Entering the Users Page
2021-06-03 17:20:51 INFO  Commonly Using Methods:101 - Adding a New User
2021-06-03 17:20:53 INFO  Commonly Using Methods:104 - Giving The Required Details
2021-06-03 17:20:53 INFO  Commonly Using Methods:111 - Saving The User Details
2021-06-03 17:20:56 INFO  Commonly Using Methods:124 - Deleting The User
2021-06-03 17:21:04 INFO  Commonly Using Methods:17 - logging out
2021-06-03 17:21:06 INFO  Commonly Using Methods:29 - Closing The Browser
2021-06-03 17:21:06 INFO  Commonly Using Methods:30 - *****************************************************************************************************
2021-06-03 17:31:28 INFO  Commonly Using Methods:50 - Launching The Browser
2021-06-03 17:31:29 INFO  Commonly Using Methods:52 - Maximizing The Window
2021-06-03 17:31:30 INFO  Commonly Using Methods:55 - Navigating To The URL
2021-06-03 17:31:32 INFO  Commonly Using Methods:68 - Giving The Login Credentials
2021-06-03 17:31:34 INFO  Commonly Using Methods:73 - logging In
2021-06-03 17:31:35 INFO  Commonly Using Methods:85 - Minimizing The Fly Out Window
2021-06-03 17:31:38 INFO  Commonly Using Methods:98 - Entering the Users Page
2021-06-03 17:31:41 INFO  Commonly Using Methods:101 - Adding a New User
2021-06-03 17:31:43 INFO  Commonly Using Methods:104 - Giving The Required Details
2021-06-03 17:31:44 INFO  Commonly Using Methods:111 - Saving The User Details
2021-06-03 17:31:48 INFO  Assignment-2:37 - Selecting The User
2021-06-03 17:31:50 INFO  Assignment-2:40 - Entering The Required Modification Changes
2021-06-03 17:31:50 INFO  Assignment-2:45 - Saving The User Details
2021-06-03 17:31:52 INFO  Commonly Using Methods:124 - Deleting The User
2021-06-03 17:31:59 INFO  Commonly Using Methods:17 - logging out
2021-06-03 17:32:02 INFO  Commonly Using Methods:29 - Closing The Browser
2021-06-03 17:32:02 INFO  Commonly Using Methods:30 - *****************************************************************************************************
2021-06-03 17:49:20 INFO  Commonly Using Methods:50 - Launching The Browser
2021-06-03 17:49:22 INFO  Commonly Using Methods:52 - Maximizing The Window
2021-06-03 17:49:23 INFO  Commonly Using Methods:55 - Navigating To The URL
2021-06-03 17:49:25 INFO  Commonly Using Methods:68 - Giving The Login Credentials
2021-06-03 17:49:27 INFO  Commonly Using Methods:73 - logging In
2021-06-03 17:49:28 INFO  Commonly Using Methods:85 - Minimizing The Fly Out Window
2021-06-03 17:49:29 INFO  Commonly Using Methods:144 - Entering The Tasks Page
2021-06-03 17:49:31 INFO  Commonly Using Methods:147 - Adding Customer
2021-06-03 17:49:32 INFO  Commonly Using Methods:150 - Creating a New Customer
2021-06-03 17:49:33 INFO  Commonly Using Methods:153 - Giving Required Details
2021-06-03 17:49:35 INFO  Commonly Using Methods:169 - Deleting a Customer
2021-06-03 17:49:42 INFO  Commonly Using Methods:17 - logging out
2021-06-03 17:49:44 INFO  Commonly Using Methods:29 - Closing The Browser
2021-06-03 17:49:44 INFO  Commonly Using Methods:30 - *****************************************************************************************************
2021-06-03 17:54:02 INFO  Commonly Using Methods:50 - Launching The Browser
2021-06-03 17:54:04 INFO  Commonly Using Methods:52 - Maximizing The Window
2021-06-03 17:54:05 INFO  Commonly Using Methods:55 - Navigating To The URL
2021-06-03 17:54:07 INFO  Commonly Using Methods:68 - Giving The Login Credentials
2021-06-03 17:54:09 INFO  Commonly Using Methods:73 - logging In
2021-06-03 17:54:10 INFO  Commonly Using Methods:85 - Minimizing The Fly Out Window
2021-06-03 17:54:11 INFO  Commonly Using Methods:144 - Entering The Tasks Page
2021-06-03 17:54:14 INFO  Commonly Using Methods:147 - Adding Customer
2021-06-03 17:54:15 INFO  Commonly Using Methods:150 - Creating a New Customer
2021-06-03 17:54:16 INFO  Commonly Using Methods:153 - Giving Required Details
2021-06-03 17:54:18 INFO  Assignment-4:26 - Selecting The Customer
2021-06-03 17:54:20 INFO  Assignment-4:29 - Entering The Required Modification Changes
2021-06-03 17:54:22 INFO  Assignment-4:32 - Saving The Customer Details
2021-06-03 17:54:24 INFO  Commonly Using Methods:169 - Deleting a Customer
2021-06-03 17:54:31 INFO  Commonly Using Methods:17 - logging out
2021-06-03 17:54:33 INFO  Commonly Using Methods:29 - Closing The Browser
2021-06-03 17:54:33 INFO  Commonly Using Methods:30 - *****************************************************************************************************
2021-06-03 18:00:10 INFO  Commonly Using Methods:50 - Launching The Browser
2021-06-03 18:00:12 INFO  Commonly Using Methods:52 - Maximizing The Window
2021-06-03 18:00:13 INFO  Commonly Using Methods:55 - Navigating To The URL
2021-06-03 18:00:15 INFO  Commonly Using Methods:68 - Giving The Login Credentials
2021-06-03 18:00:17 INFO  Commonly Using Methods:73 - logging In
2021-06-03 18:00:18 INFO  Commonly Using Methods:85 - Minimizing The Fly Out Window
2021-06-03 18:00:21 INFO  Commonly Using Methods:144 - Entering The Tasks Page
2021-06-03 18:00:23 INFO  Commonly Using Methods:147 - Adding Customer
2021-06-03 18:00:25 INFO  Commonly Using Methods:150 - Creating a New Customer
2021-06-03 18:00:26 INFO  Commonly Using Methods:153 - Giving Required Details
2021-06-03 18:00:29 INFO  Commonly Using Methods:192 - Creating a Project
2021-06-03 18:00:30 INFO  Commonly Using Methods:195 - Entering Details Required
2021-06-03 18:00:31 INFO  Commonly Using Methods:198 - Saving Project
2021-06-03 18:00:32 INFO  Commonly Using Methods:213 - Deleting Project
2021-06-03 18:00:40 INFO  Commonly Using Methods:169 - Deleting a Customer
2021-06-03 18:00:40 INFO  Commonly Using Methods:17 - logging out
2021-06-03 18:00:42 INFO  Commonly Using Methods:29 - Closing The Browser
2021-06-03 18:00:42 INFO  Commonly Using Methods:30 - *****************************************************************************************************
2021-06-03 18:29:53 INFO  Commonly Using Methods:50 - Launching The Browser
2021-06-03 18:29:55 INFO  Commonly Using Methods:52 - Maximizing The Window
2021-06-03 18:29:56 INFO  Commonly Using Methods:55 - Navigating To The URL
2021-06-03 18:29:58 INFO  Commonly Using Methods:68 - Giving The Login Credentials
2021-06-03 18:30:00 INFO  Commonly Using Methods:73 - logging In
2021-06-03 18:30:02 INFO  Commonly Using Methods:85 - Minimizing The Fly Out Window
2021-06-03 18:30:03 INFO  Commonly Using Methods:144 - Entering The Tasks Page
2021-06-03 18:30:06 INFO  Commonly Using Methods:147 - Clicking On Add New
2021-06-03 18:30:07 INFO  Commonly Using Methods:150 - Creating a New Customer
2021-06-03 18:30:08 INFO  Commonly Using Methods:153 - Giving Required Details
2021-06-03 18:30:08 INFO  Commonly Using Methods:155 - Saving Details
2021-06-03 18:30:11 INFO  Commonly Using Methods:193 - Creating a Project
2021-06-03 18:30:12 INFO  Commonly Using Methods:196 - Entering Details Required
2021-06-03 18:30:13 INFO  Commonly Using Methods:199 - Saving Project Details
2021-06-03 18:30:14 INFO  Assignment-6:31 - Selecting Project
2021-06-03 18:30:16 INFO  Assignment-6:34 - Modifying Details Required
2021-06-03 18:30:18 INFO  Assignment-6:37 - Saving Project Details
2021-06-03 18:30:20 INFO  Commonly Using Methods:214 - Deleting Project
2021-06-03 18:30:29 INFO  Commonly Using Methods:170 - Deleting a Customer
2021-06-03 18:30:29 INFO  Commonly Using Methods:17 - logging out
2021-06-03 18:30:31 INFO  Commonly Using Methods:29 - Closing The Browser
2021-06-03 18:30:31 INFO  Commonly Using Methods:30 - *****************************************************************************************************
2021-06-03 18:38:56 INFO  Commonly Using Methods:50 - Launching The Browser
2021-06-03 18:38:59 INFO  Commonly Using Methods:52 - Maximizing The Window
2021-06-03 18:39:00 INFO  Commonly Using Methods:55 - Navigating To The URL
2021-06-03 18:39:02 INFO  Commonly Using Methods:68 - Giving The Login Credentials
2021-06-03 18:39:04 INFO  Commonly Using Methods:73 - logging In
2021-06-03 18:39:05 INFO  Commonly Using Methods:85 - Minimizing The Fly Out Window
2021-06-03 18:39:07 INFO  Commonly Using Methods:144 - Entering The Tasks Page
2021-06-03 18:39:10 INFO  Commonly Using Methods:147 - Clicking On Add New
2021-06-03 18:39:11 INFO  Commonly Using Methods:150 - Creating a New Customer
2021-06-03 18:39:12 INFO  Commonly Using Methods:153 - Giving Required Details
2021-06-03 18:39:12 INFO  Commonly Using Methods:155 - Saving Details
2021-06-03 18:39:15 INFO  Commonly Using Methods:193 - Creating a Project
2021-06-03 18:39:16 INFO  Commonly Using Methods:196 - Entering Details Required
2021-06-03 18:39:18 INFO  Commonly Using Methods:199 - Saving Project Details
2021-06-03 18:39:19 INFO  Assignment-7:32 - Click On Add New Tasks
2021-06-03 18:39:21 INFO  Assignment-7:35 - Click on Create New Tasks
2021-06-03 18:39:23 INFO  Assignment-7:38 - Creating Tasks
2021-06-03 18:39:26 INFO  Assignment-7:45 - Saving Created Tasks
2021-06-03 18:39:30 INFO  Assignment-7:63 - Deleting task1
2021-06-03 18:39:36 INFO  Assignment-7:63 - Deleting task2
2021-06-03 18:39:41 INFO  Assignment-7:63 - Deleting task3
2021-06-03 18:39:47 INFO  Assignment-7:84 - Deleting Customer
2021-06-03 18:39:51 INFO  Commonly Using Methods:17 - logging out
2021-06-03 18:39:53 INFO  Commonly Using Methods:29 - Closing The Browser
2021-06-03 18:39:53 INFO  Commonly Using Methods:30 - *****************************************************************************************************
2021-06-04 11:55:10 INFO  Commonly Using Methods:49 - Launching The Browser
2021-06-04 11:55:12 INFO  Commonly Using Methods:51 - Maximizing The Window
2021-06-04 11:55:13 INFO  Commonly Using Methods:54 - Navigating To The URL
2021-06-04 11:55:15 INFO  Commonly Using Methods:67 - Giving The Login Credentials
2021-06-04 11:55:18 INFO  Commonly Using Methods:72 - logging In
2021-06-04 11:55:19 INFO  Commonly Using Methods:84 - Minimizing The Fly Out Window
2021-06-04 11:55:20 INFO  Assignment-8:25 - Entering the Users Page
2021-06-04 11:55:22 INFO  Assignment-8:28 - Adding a New User-1
2021-06-04 11:55:23 INFO  Assignment-8:31 - Giving The Required Details
2021-06-04 11:55:24 INFO  Assignment-8:38 - Saving The User-1 Details
2021-06-04 11:55:27 INFO  Assignment-8:28 - Adding a New User-2
2021-06-04 11:55:28 INFO  Assignment-8:31 - Giving The Required Details
2021-06-04 11:55:28 INFO  Assignment-8:38 - Saving The User-2 Details
2021-06-04 11:55:31 INFO  Assignment-8:28 - Adding a New User-3
2021-06-04 11:55:32 INFO  Assignment-8:31 - Giving The Required Details
2021-06-04 11:55:33 INFO  Assignment-8:38 - Saving The User-3 Details
2021-06-04 11:55:34 INFO  Commonly Using Methods:17 - logging out
2021-06-04 11:55:37 INFO  Assignment-8:84 - Giving Credentials For User1
2021-06-04 11:55:39 INFO  Assignment-8:89 - Logging In As User1
2021-06-04 11:55:40 INFO  Assignment-8:92 - Click On Start exploring actiTIME
2021-06-04 11:55:42 INFO  Commonly Using Methods:17 - logging out
2021-06-04 11:55:45 INFO  Assignment-8:108 - Giving Credentials For User2
2021-06-04 11:55:48 INFO  Assignment-8:113 - Logging In As User2
2021-06-04 11:55:49 INFO  Assignment-8:116 - Click On Start exploring actiTIME
2021-06-04 11:55:51 INFO  Commonly Using Methods:17 - logging out
2021-06-04 11:55:55 INFO  Assignment-8:131 - Giving Credentials For User3
2021-06-04 11:55:58 INFO  Assignment-8:136 - Logging In As User3
2021-06-04 11:55:59 INFO  Assignment-8:139 - Click On Start exploring actiTIME
2021-06-04 11:56:01 INFO  Commonly Using Methods:17 - logging out
2021-06-04 11:56:05 INFO  Commonly Using Methods:67 - Giving The Login Credentials
2021-06-04 11:56:07 INFO  Commonly Using Methods:72 - logging In
2021-06-04 11:56:08 INFO  Assignment-8:157 - Deleting User1
2021-06-04 11:56:15 INFO  Assignment-8:157 - Deleting User2
2021-06-04 11:56:22 INFO  Assignment-8:157 - Deleting User3
2021-06-04 11:56:28 INFO  Commonly Using Methods:17 - logging out
2021-06-04 11:56:30 INFO  Commonly Using Methods:29 - Closing The Browser
2021-06-04 11:56:30 INFO  Commonly Using Methods:30 - *****************************************************************************************************
2021-06-04 14:05:27 INFO  Commonly Using Methods:49 - Launching The Browser
2021-06-04 14:06:19 INFO  Commonly Using Methods:49 - Launching The Browser
2021-06-04 14:06:22 INFO  Commonly Using Methods:51 - Maximizing The Window
2021-06-04 14:06:23 INFO  Commonly Using Methods:54 - Navigating To The URL
2021-06-04 14:06:26 INFO  Commonly Using Methods:67 - Giving The Admin Login Credentials
2021-06-04 14:06:29 INFO  Commonly Using Methods:72 - logging In Admin
2021-06-04 14:06:30 INFO  Commonly Using Methods:84 - Minimizing The Fly Out Window
2021-06-04 14:06:31 INFO  Assignment-9:26 - Entering the Users Page
2021-06-04 14:06:33 INFO  Assignment-9:29 - Adding a New User-1
2021-06-04 14:06:34 INFO  Assignment-9:32 - Giving The Required Details
2021-06-04 14:06:35 INFO  Assignment-9:39 - Saving The User-1 Details
2021-06-04 14:06:37 INFO  Commonly Using Methods:17 - logging out
2021-06-04 14:06:41 INFO  Assignment-9:56 - Giving Credentials For User1
2021-06-04 14:06:43 INFO  Assignment-9:61 - Logging In As User1
2021-06-04 14:06:44 INFO  Assignment-9:64 - Click On Start exploring actiTIME
2021-06-04 14:06:46 INFO  Assignment-9:79 - Entering the Users Page
2021-06-04 14:06:48 INFO  Assignment-9:82 - Adding a New User-2
2021-06-04 14:06:49 INFO  Assignment-9:85 - Giving The Required Details
2021-06-04 14:06:50 INFO  Assignment-9:92 - Saving The User-2 Details
2021-06-04 14:06:52 INFO  Commonly Using Methods:17 - logging out
2021-06-04 14:06:55 INFO  Assignment-9:108 - Giving Credentials For User2
2021-06-04 14:06:58 INFO  Assignment-9:113 - Logging In As User2
2021-06-04 14:06:59 INFO  Assignment-9:116 - Click On Start exploring actiTIME
2021-06-04 14:07:01 INFO  Assignment-9:131 - Entering the Users Page
2021-06-04 14:07:03 INFO  Assignment-9:134 - Adding a New User-3
2021-06-04 14:07:04 INFO  Assignment-9:137 - Giving The Required Details
2021-06-04 14:07:05 INFO  Assignment-9:144 - Saving The User-3 Details
2021-06-04 14:07:06 INFO  Commonly Using Methods:17 - logging out
2021-06-04 14:07:10 INFO  Commonly Using Methods:67 - Giving The Admin Login Credentials
2021-06-04 14:07:13 INFO  Commonly Using Methods:72 - logging In Admin
2021-06-04 14:07:15 INFO  Assignment-9:162 - Entering the Users Page
2021-06-04 14:07:17 INFO  Assignment-9:165 - Selecting The User
2021-06-04 14:07:19 INFO  Assignment-9:168 - Doing The Modifications
2021-06-04 14:07:26 INFO  Assignment-9:178 - Saving The Data
2021-06-04 14:07:27 INFO  Commonly Using Methods:17 - logging out
2021-06-04 14:07:31 INFO  Assignment-9:194 - Entering user-1 Credentials
2021-06-04 14:07:33 INFO  Assignment-9:199 - Logging As User-1
2021-06-04 14:07:35 INFO  Assignment-9:212 - Entering the Users Page
2021-06-04 14:07:37 INFO  Assignment-9:215 - Selecting The User
2021-06-04 14:07:39 INFO  Assignment-9:218 - Doing The Modifications
2021-06-04 14:07:46 INFO  Assignment-9:228 - Saving The Data
2021-06-04 14:07:47 INFO  Commonly Using Methods:17 - logging out
2021-06-04 14:07:51 INFO  Assignment-9:243 - Entering User-2 Credentials
2021-06-04 14:07:53 INFO  Assignment-9:248 - Logging As User-2
2021-06-04 14:07:55 INFO  Assignment-9:262 - Entering the Users Page
2021-06-04 14:07:57 INFO  Assignment-9:265 - Selecting The User
2021-06-04 14:07:59 INFO  Assignment-9:268 - Doing The Modifications
2021-06-04 14:08:06 INFO  Assignment-9:278 - Saving The Data
2021-06-04 14:08:07 INFO  Commonly Using Methods:17 - logging out
2021-06-04 14:08:11 INFO  Assignment-9:243 - Entering User-2 Credentials
2021-06-04 14:08:13 INFO  Assignment-9:248 - Logging As User-2
2021-06-04 14:08:16 INFO  Assignment-9:295 - Entering Users Page
2021-06-04 14:08:18 INFO  Assignment-9:298 - Selecting The User
2021-06-04 14:08:19 INFO  Assignment-9:301 - Deleting The User
2021-06-04 14:08:23 INFO  Commonly Using Methods:17 - logging out
2021-06-04 14:08:27 INFO  Assignment-9:194 - Entering user-1 Credentials
2021-06-04 14:08:29 INFO  Assignment-9:199 - Logging As User-1
2021-06-04 14:08:33 INFO  Assignment-9:321 - Entering Users Page
2021-06-04 14:08:34 INFO  Assignment-9:324 - Selecting The User
2021-06-04 14:08:36 INFO  Assignment-9:327 - Deleting The User
2021-06-04 14:08:40 INFO  Commonly Using Methods:17 - logging out
2021-06-04 14:08:43 INFO  Commonly Using Methods:67 - Giving The Admin Login Credentials
2021-06-04 14:08:46 INFO  Commonly Using Methods:72 - logging In Admin
2021-06-04 14:08:48 INFO  Assignment-9:347 - Entering Users Page
2021-06-04 14:08:50 INFO  Assignment-9:350 - Selecting The User
2021-06-04 14:08:51 INFO  Assignment-9:353 - Deleting The User
2021-06-04 14:08:55 INFO  Commonly Using Methods:17 - logging out
2021-06-04 14:08:59 INFO  Commonly Using Methods:29 - Closing The Browser
2021-06-04 14:08:59 INFO  Commonly Using Methods:30 - *****************************************************************************************************
